[0803/144448.023:INFO:CONSOLE(1)] "Uncaught ReferenceError: start is not defined", source: file:///C:/Program%20Files/Google/Chrome/Application/115.0.5790.110/ (1)
[0803/144448.024:INFO:CONSOLE(2)] "Uncaught ReferenceError: onHasParentDirectory is not defined", source: file:///C:/Program%20Files/Google/Chrome/Application/115.0.5790.110/ (2)
[0803/144448.024:INFO:CONSOLE(3)] "Uncaught ReferenceError: addRow is not defined", source: file:///C:/Program%20Files/Google/Chrome/Application/115.0.5790.110/ (3)
[0803/144448.024:INFO:CONSOLE(4)] "Uncaught ReferenceError: addRow is not defined", source: file:///C:/Program%20Files/Google/Chrome/Application/115.0.5790.110/ (4)
[0803/144448.024:INFO:CONSOLE(5)] "Uncaught ReferenceError: addRow is not defined", source: file:///C:/Program%20Files/Google/Chrome/Application/115.0.5790.110/ (5)
[0803/144448.024:INFO:CONSOLE(6)] "Uncaught ReferenceError: addRow is not defined", source: file:///C:/Program%20Files/Google/Chrome/Application/115.0.5790.110/ (6)
[0803/144448.024:INFO:CONSOLE(7)] "Uncaught ReferenceError: addRow is not defined", source: file:///C:/Program%20Files/Google/Chrome/Application/115.0.5790.110/ (7)
[0803/144448.024:INFO:CONSOLE(8)] "Uncaught ReferenceError: addRow is not defined", source: file:///C:/Program%20Files/Google/Chrome/Application/115.0.5790.110/ (8)
[0803/144448.024:INFO:CONSOLE(9)] "Uncaught ReferenceError: addRow is not defined", source: file:///C:/Program%20Files/Google/Chrome/Application/115.0.5790.110/ (9)
[0803/144448.024:INFO:CONSOLE(10)] "Uncaught ReferenceError: addRow is not defined", source: file:///C:/Program%20Files/Google/Chrome/Application/115.0.5790.110/ (10)
[0803/144448.024:INFO:CONSOLE(11)] "Uncaught ReferenceError: addRow is not defined", source: file:///C:/Program%20Files/Google/Chrome/Application/115.0.5790.110/ (11)
[0803/144448.024:INFO:CONSOLE(12)] "Uncaught ReferenceError: addRow is not defined", source: file:///C:/Program%20Files/Google/Chrome/Application/115.0.5790.110/ (12)
[0803/144448.024:INFO:CONSOLE(13)] "Uncaught ReferenceError: addRow is not defined", source: file:///C:/Program%20Files/Google/Chrome/Application/115.0.5790.110/ (13)
[0803/144448.024:INFO:CONSOLE(14)] "Uncaught ReferenceError: addRow is not defined", source: file:///C:/Program%20Files/Google/Chrome/Application/115.0.5790.110/ (14)
[0803/144448.025:INFO:CONSOLE(15)] "Uncaught ReferenceError: addRow is not defined", source: file:///C:/Program%20Files/Google/Chrome/Application/115.0.5790.110/ (15)
[0803/144448.025:INFO:CONSOLE(16)] "Uncaught ReferenceError: addRow is not defined", source: file:///C:/Program%20Files/Google/Chrome/Application/115.0.5790.110/ (16)
[0803/144448.025:INFO:CONSOLE(17)] "Uncaught ReferenceError: addRow is not defined", source: file:///C:/Program%20Files/Google/Chrome/Application/115.0.5790.110/ (17)
[0803/144448.025:INFO:CONSOLE(18)] "Uncaught ReferenceError: addRow is not defined", source: file:///C:/Program%20Files/Google/Chrome/Application/115.0.5790.110/ (18)
[0803/144448.025:INFO:CONSOLE(19)] "Uncaught ReferenceError: addRow is not defined", source: file:///C:/Program%20Files/Google/Chrome/Application/115.0.5790.110/ (19)
[0803/144448.025:INFO:CONSOLE(20)] "Uncaught ReferenceError: addRow is not defined", source: file:///C:/Program%20Files/Google/Chrome/Application/115.0.5790.110/ (20)
[0803/144448.025:INFO:CONSOLE(21)] "Uncaught ReferenceError: addRow is not defined", source: file:///C:/Program%20Files/Google/Chrome/Application/115.0.5790.110/ (21)
[0803/144448.025:INFO:CONSOLE(22)] "Uncaught ReferenceError: addRow is not defined", source: file:///C:/Program%20Files/Google/Chrome/Application/115.0.5790.110/ (22)
[0803/144448.025:INFO:CONSOLE(23)] "Uncaught ReferenceError: addRow is not defined", source: file:///C:/Program%20Files/Google/Chrome/Application/115.0.5790.110/ (23)
[0803/144448.025:INFO:CONSOLE(24)] "Uncaught ReferenceError: addRow is not defined", source: file:///C:/Program%20Files/Google/Chrome/Application/115.0.5790.110/ (24)
[0803/144448.025:INFO:CONSOLE(25)] "Uncaught ReferenceError: addRow is not defined", source: file:///C:/Program%20Files/Google/Chrome/Application/115.0.5790.110/ (25)
[0803/144448.025:INFO:CONSOLE(26)] "Uncaught ReferenceError: addRow is not defined", source: file:///C:/Program%20Files/Google/Chrome/Application/115.0.5790.110/ (26)
[0803/144448.025:INFO:CONSOLE(27)] "Uncaught ReferenceError: addRow is not defined", source: file:///C:/Program%20Files/Google/Chrome/Application/115.0.5790.110/ (27)
[0803/144448.025:INFO:CONSOLE(28)] "Uncaught ReferenceError: addRow is not defined", source: file:///C:/Program%20Files/Google/Chrome/Application/115.0.5790.110/ (28)
[0803/144448.025:INFO:CONSOLE(29)] "Uncaught ReferenceError: addRow is not defined", source: file:///C:/Program%20Files/Google/Chrome/Application/115.0.5790.110/ (29)
[0803/144448.025:INFO:CONSOLE(30)] "Uncaught ReferenceError: addRow is not defined", source: file:///C:/Program%20Files/Google/Chrome/Application/115.0.5790.110/ (30)
[0803/144448.025:INFO:CONSOLE(31)] "Uncaught ReferenceError: addRow is not defined", source: file:///C:/Program%20Files/Google/Chrome/Application/115.0.5790.110/ (31)
[0803/144448.025:INFO:CONSOLE(32)] "Uncaught ReferenceError: addRow is not defined", source: file:///C:/Program%20Files/Google/Chrome/Application/115.0.5790.110/ (32)
[0803/144448.026:INFO:CONSOLE(33)] "Uncaught ReferenceError: addRow is not defined", source: file:///C:/Program%20Files/Google/Chrome/Application/115.0.5790.110/ (33)
[0803/144449.118:ERROR:entry_impl.cc(1073)] No file for 80000002
[0803/144449.119:ERROR:entry_impl.cc(1073)] No file for 80000001
[0803/144449.119:ERROR:entry_impl.cc(1073)] No file for 80000003
[0803/144449.119:ERROR:entry_impl.cc(1073)] No file for 80000004
[0803/144449.122:ERROR:entry_impl.cc(1073)] No file for 80000005
[0803/144519.297:INFO:CONSOLE(2)] "Module isAuthenticated was not found with e=>{var t,r;return(null===(t=e.Z)||void 0===t?void 0:t.toString().includes("isRegistered"))&&(null===(r=e.Z)||void 0===r?void 0:r.toString().includes("getLoginTokens"))||e.isLoggedIn}", source: D:\Repositories\thelordbarber_server\node_modules\@wppconnect\wa-js\dist\wppconnect-wa.js (2)
[0803/144519.298:INFO:CONSOLE(2)] "Module Conn was not found with e=>e.Conn&&e.ConnImpl", source: D:\Repositories\thelordbarber_server\node_modules\@wppconnect\wa-js\dist\wppconnect-wa.js (2)
[0803/144519.298:INFO:CONSOLE(2)] "Module Cmd was not found with e=>e.Cmd&&e.CmdImpl", source: D:\Repositories\thelordbarber_server\node_modules\@wppconnect\wa-js\dist\wppconnect-wa.js (2)
[0803/144519.298:INFO:CONSOLE(2)] "Module Stream was not found with e=>e.Stream", source: D:\Repositories\thelordbarber_server\node_modules\@wppconnect\wa-js\dist\wppconnect-wa.js (2)
[0803/144519.298:INFO:CONSOLE(2)] "Module NetworkStatus was not found with e=>e.default.checkOnline", source: D:\Repositories\thelordbarber_server\node_modules\@wppconnect\wa-js\dist\wppconnect-wa.js (2)
[0803/144519.298:INFO:CONSOLE(2)] "Module Socket was not found with e=>e.Socket", source: D:\Repositories\thelordbarber_server\node_modules\@wppconnect\wa-js\dist\wppconnect-wa.js (2)
[0803/144519.299:INFO:CONSOLE(2)] "Module isRegistered was not found with e=>e.isRegistered", source: D:\Repositories\thelordbarber_server\node_modules\@wppconnect\wa-js\dist\wppconnect-wa.js (2)
[0803/144519.299:INFO:CONSOLE(0)] "[object PromiseRejectionEvent]", source:  (0)
[0803/144519.299:INFO:CONSOLE(2)] "Uncaught (in promise) TypeError: s.isAuthenticated is not a function", source: D:\Repositories\thelordbarber_server\node_modules\@wppconnect\wa-js\dist\wppconnect-wa.js (2)
[0803/144519.299:INFO:CONSOLE(0)] "[object PromiseRejectionEvent]", source:  (0)
[0803/144519.299:INFO:CONSOLE(2)] "Uncaught (in promise) TypeError: Cannot read properties of undefined (reading 'state')", source: D:\Repositories\thelordbarber_server\node_modules\@wppconnect\wa-js\dist\wppconnect-wa.js (2)
[0803/144519.299:INFO:CONSOLE(0)] "[object PromiseRejectionEvent]", source:  (0)
[0803/144519.299:INFO:CONSOLE(2)] "Uncaught (in promise) TypeError: s.isAuthenticated is not a function", source: D:\Repositories\thelordbarber_server\node_modules\@wppconnect\wa-js\dist\wppconnect-wa.js (2)
[0803/144549.325:INFO:CONSOLE(0)] "[object PromiseRejectionEvent]", source:  (0)
[0803/144549.326:INFO:CONSOLE(1)] "Uncaught (in promise) TypeError: Cannot read properties of undefined (reading 'VERSION')", source: D:\Repositories\thelordbarber_server\node_modules\@wppconnect-team\wppconnect\dist\lib\wapi\wapi.js (1)
[0803/144549.356:INFO:CONSOLE(26)] "TypeError: window.WAPI.waitNewAcknowledgements is not a function", source: pptr:evaluate;Whatsapp.%3Canonymous%3E%20(D%3A%5CRepositories%5Cthelordbarber_server%5Cnode_modules%5C%40wppconnect-team%5Cwppconnect%5Cdist%5Capi%5Clayers%5Clistener.layer.js%3A178%3A30) (26)
[0803/144549.356:INFO:CONSOLE(49)] "TypeError: window.WAPI.onStateChange is not a function", source: pptr:evaluate;Whatsapp.%3Canonymous%3E%20(D%3A%5CRepositories%5Cthelordbarber_server%5Cnode_modules%5C%40wppconnect-team%5Cwppconnect%5Cdist%5Capi%5Clayers%5Clistener.layer.js%3A178%3A30) (49)
[0803/144549.356:INFO:CONSOLE(58)] "TypeError: window.WAPI.onStreamChange is not a function", source: pptr:evaluate;Whatsapp.%3Canonymous%3E%20(D%3A%5CRepositories%5Cthelordbarber_server%5Cnode_modules%5C%40wppconnect-team%5Cwppconnect%5Cdist%5Capi%5Clayers%5Clistener.layer.js%3A178%3A30) (58)
[0803/144549.357:INFO:CONSOLE(67)] "TypeError: window.WAPI.onAddedToGroup is not a function", source: pptr:evaluate;Whatsapp.%3Canonymous%3E%20(D%3A%5CRepositories%5Cthelordbarber_server%5Cnode_modules%5C%40wppconnect-team%5Cwppconnect%5Cdist%5Capi%5Clayers%5Clistener.layer.js%3A178%3A30) (67)
[0803/144549.357:INFO:CONSOLE(2)] "Module CallCollection was not found with e=>e.CallCollectionImpl", source: D:\Repositories\thelordbarber_server\node_modules\@wppconnect\wa-js\dist\wppconnect-wa.js (2)
[0803/144549.357:INFO:CONSOLE(2)] "Module CallStore was not found with e=>(e.default||e[r])instanceof s[r]", source: D:\Repositories\thelordbarber_server\node_modules\@wppconnect\wa-js\dist\wppconnect-wa.js (2)
[0803/144549.357:INFO:CONSOLE(76)] "TypeError: Cannot read properties of undefined (reading 'on')", source: pptr:evaluate;Whatsapp.%3Canonymous%3E%20(D%3A%5CRepositories%5Cthelordbarber_server%5Cnode_modules%5C%40wppconnect-team%5Cwppconnect%5Cdist%5Capi%5Clayers%5Clistener.layer.js%3A178%3A30) (76)
[0803/144549.357:INFO:CONSOLE(85)] "TypeError: Cannot read properties of undefined (reading 'displayInfo')", source: pptr:evaluate;Whatsapp.%3Canonymous%3E%20(D%3A%5CRepositories%5Cthelordbarber_server%5Cnode_modules%5C%40wppconnect-team%5Cwppconnect%5Cdist%5Capi%5Clayers%5Clistener.layer.js%3A178%3A30) (85)
[0803/144549.357:INFO:CONSOLE(94)] "TypeError: window.WAPI.onNotificationMessage is not a function", source: pptr:evaluate;Whatsapp.%3Canonymous%3E%20(D%3A%5CRepositories%5Cthelordbarber_server%5Cnode_modules%5C%40wppconnect-team%5Cwppconnect%5Cdist%5Capi%5Clayers%5Clistener.layer.js%3A178%3A30) (94)
[0803/144549.357:INFO:CONSOLE(112)] "TypeError: window.WAPI.onLiveLocation is not a function", source: pptr:evaluate;Whatsapp.%3Canonymous%3E%20(D%3A%5CRepositories%5Cthelordbarber_server%5Cnode_modules%5C%40wppconnect-team%5Cwppconnect%5Cdist%5Capi%5Clayers%5Clistener.layer.js%3A178%3A30) (112)
